# JRE version: OpenJDK Runtime Environment (11.0.12+7) (build 11.0.12+7-b1504.28-7817840)
# Java VM: OpenJDK 64-Bit Server VM (11.0.12+7-b1504.28-7817840, mixed mode, tiered, compressed oops, g1 gc, windows-amd64)
Heap:
 garbage-first heap   total 342016K, used 144942K [0x0000000080000000, 0x0000000100000000)
  region size 1024K, 5 young (5120K), 4 survivors (4096K)
 Metaspace       used 150567K, capacity 156657K, committed 162084K, reserved 1189888K
  class space    used 18278K, capacity 20450K, committed 21452K, reserved 1048576K
GC Heap History (20 events):
Event: 19257.833 GC heap before
{Heap before GC invocations=318 (full 0):
 garbage-first heap   total 342016K, used 251851K [0x0000000080000000, 0x0000000100000000)
  region size 1024K, 111 young (113664K), 8 survivors (8192K)
 Metaspace       used 151842K, capacity 158101K, committed 162084K, reserved 1189888K
  class space    used 18491K, capacity 20735K, committed 21452K, reserved 1048576K
}
Event: 19257.918 GC heap after
{Heap after GC invocations=319 (full 0):
 garbage-first heap   total 342016K, used 156506K [0x0000000080000000, 0x0000000100000000)
  region size 1024K, 14 young (14336K), 14 survivors (14336K)
 Metaspace       used 151842K, capacity 158101K, committed 162084K, reserved 1189888K
  class space    used 18491K, capacity 20735K, committed 21452K, reserved 1048576K
}
Event: 19257.933 GC heap before
{Heap before GC invocations=319 (full 0):
 garbage-first heap   total 342016K, used 158554K [0x0000000080000000, 0x0000000100000000)
  region size 1024K, 16 young (16384K), 14 survivors (14336K)
 Metaspace       used 151868K, capacity 158101K, committed 162084K, reserved 1189888K
  class space    used 18492K, capacity 20735K, committed 21452K, reserved 1048576K
}
Event: 19258.003 GC heap after
{Heap after GC invocations=320 (full 0):
 garbage-first heap   total 342016K, used 156672K [0x0000000080000000, 0x0000000100000000)
  region size 1024K, 2 young (2048K), 2 survivors (2048K)
 Metaspace       used 151868K, capacity 158101K, committed 162084K, reserved 1189888K
  class space    used 18492K, capacity 20735K, committed 21452K, reserved 1048576K
}
Event: 19259.756 GC heap before
{Heap before GC invocations=320 (full 0):
 garbage-first heap   total 342016K, used 231424K [0x0000000080000000, 0x0000000100000000)
  region size 1024K, 76 young (77824K), 2 survivors (2048K)
 Metaspace       used 154617K, capacity 161123K, committed 162084K, reserved 1189888K
  class space    used 18931K, capacity 21271K, committed 21452K, reserved 1048576K
}
Event: 19259.784 GC heap after
{Heap after GC invocations=321 (full 0):
 garbage-first heap   total 342016K, used 159898K [0x0000000080000000, 0x0000000100000000)
  region size 1024K, 6 young (6144K), 6 survivors (6144K)
 Metaspace       used 154617K, capacity 161123K, committed 162084K, reserved 1189888K
  class space    used 18931K, capacity 21271K, committed 21452K, reserved 1048576K
}
Event: 19262.437 GC heap before
{Heap before GC invocations=322 (full 0):
 garbage-first heap   total 342016K, used 266394K [0x0000000080000000, 0x0000000100000000)
  region size 1024K, 107 young (109568K), 6 survivors (6144K)
 Metaspace       used 154790K, capacity 161234K, committed 162084K, reserved 1189888K
  class space    used 18934K, capacity 21273K, committed 21452K, reserved 1048576K
}
Event: 19262.454 GC heap after
{Heap after GC invocations=323 (full 0):
 garbage-first heap   total 342016K, used 161210K [0x0000000080000000, 0x0000000100000000)
  region size 1024K, 6 young (6144K), 6 survivors (6144K)
 Metaspace       used 154790K, capacity 161234K, committed 162084K, reserved 1189888K
  class space    used 18934K, capacity 21273K, committed 21452K, reserved 1048576K
}
Event: 19262.598 GC heap before
{Heap before GC invocations=323 (full 0):
 garbage-first heap   total 342016K, used 171450K [0x0000000080000000, 0x0000000100000000)
  region size 1024K, 16 young (16384K), 6 survivors (6144K)
 Metaspace       used 154801K, capacity 161298K, committed 162084K, reserved 1189888K
  class space    used 18934K, capacity 21273K, committed 21452K, reserved 1048576K
}
Event: 19262.640 GC heap after
{Heap after GC invocations=324 (full 0):
 garbage-first heap   total 342016K, used 145323K [0x0000000080000000, 0x0000000100000000)
  region size 1024K, 1 young (1024K), 1 survivors (1024K)
 Metaspace       used 154801K, capacity 161298K, committed 162084K, reserved 1189888K
  class space    used 18934K, capacity 21273K, committed 21452K, reserved 1048576K
}
Event: 19262.735 GC heap before
{Heap before GC invocations=324 (full 0):
 garbage-first heap   total 342016K, used 150443K [0x0000000080000000, 0x0000000100000000)
  region size 1024K, 8 young (8192K), 1 survivors (1024K)
 Metaspace       used 154805K, capacity 161304K, committed 162084K, reserved 1189888K
  class space    used 18935K, capacity 21274K, committed 21452K, reserved 1048576K
}
Event: 19262.744 GC heap after
{Heap after GC invocations=325 (full 0):
 garbage-first heap   total 342016K, used 145375K [0x0000000080000000, 0x0000000100000000)
  region size 1024K, 1 young (1024K), 1 survivors (1024K)
 Metaspace       used 154805K, capacity 161304K, committed 162084K, reserved 1189888K
  class space    used 18935K, capacity 21274K, committed 21452K, reserved 1048576K
}
Event: 19327.064 GC heap before
{Heap before GC invocations=326 (full 0):
 garbage-first heap   total 342016K, used 260063K [0x0000000080000000, 0x0000000100000000)
  region size 1024K, 100 young (102400K), 1 survivors (1024K)
 Metaspace       used 142133K, capacity 147909K, committed 162084K, reserved 1189888K
  class space    used 17288K, capacity 19338K, committed 21452K, reserved 1048576K
}
Event: 19327.159 GC heap after
{Heap after GC invocations=327 (full 0):
 garbage-first heap   total 342016K, used 151113K [0x0000000080000000, 0x0000000100000000)
  region size 1024K, 9 young (9216K), 9 survivors (9216K)
 Metaspace       used 142133K, capacity 147909K, committed 162084K, reserved 1189888K
  class space    used 17288K, capacity 19338K, committed 21452K, reserved 1048576K
}
Event: 19327.236 GC heap before
{Heap before GC invocations=327 (full 0):
 garbage-first heap   total 342016K, used 157257K [0x0000000080000000, 0x0000000100000000)
  region size 1024K, 16 young (16384K), 9 survivors (9216K)
 Metaspace       used 142135K, capacity 147909K, committed 162084K, reserved 1189888K
  class space    used 17288K, capacity 19338K, committed 21452K, reserved 1048576K
}
Event: 19327.340 GC heap after
{Heap after GC invocations=328 (full 0):
 garbage-first heap   total 342016K, used 141823K [0x0000000080000000, 0x0000000100000000)
  region size 1024K, 2 young (2048K), 2 survivors (2048K)
 Metaspace       used 142135K, capacity 147909K, committed 162084K, reserved 1189888K
  class space    used 17288K, capacity 19338K, committed 21452K, reserved 1048576K
}
Event: 19331.469 GC heap before
{Heap before GC invocations=328 (full 0):
 garbage-first heap   total 342016K, used 152063K [0x0000000080000000, 0x0000000100000000)
  region size 1024K, 13 young (13312K), 2 survivors (2048K)
 Metaspace       used 142137K, capacity 147910K, committed 162084K, reserved 1189888K
  class space    used 17288K, capacity 19338K, committed 21452K, reserved 1048576K
}
Event: 19331.492 GC heap after
{Heap after GC invocations=329 (full 0):
 garbage-first heap   total 342016K, used 141574K [0x0000000080000000, 0x0000000100000000)
  region size 1024K, 2 young (2048K), 2 survivors (2048K)
 Metaspace       used 142137K, capacity 147910K, committed 162084K, reserved 1189888K
  class space    used 17288K, capacity 19338K, committed 21452K, reserved 1048576K
}
Event: 19335.661 GC heap before
{Heap before GC invocations=330 (full 0):
 garbage-first heap   total 342016K, used 263430K [0x0000000080000000, 0x0000000100000000)
  region size 1024K, 112 young (114688K), 2 survivors (2048K)
 Metaspace       used 150567K, capacity 156657K, committed 162084K, reserved 1189888K
  class space    used 18278K, capacity 20450K, committed 21452K, reserved 1048576K
}
Event: 19335.686 GC heap after
{Heap after GC invocations=331 (full 0):
 garbage-first heap   total 342016K, used 144942K [0x0000000080000000, 0x0000000100000000)
  region size 1024K, 4 young (4096K), 4 survivors (4096K)
 Metaspace       used 150567K, capacity 156657K, committed 162084K, reserved 1189888K
  class space    used 18278K, capacity 20450K, committed 21452K, reserved 1048576K
}

